<?xml version="1.0" ?>
<coverage version="7.12.0" timestamp="1764597019153" lines-valid="462" lines-covered="191" line-rate="0.4134" branches-covered="0" branches-valid="0" branch-rate="0" complexity="0">
	<!-- Generated by coverage.py: https://coverage.readthedocs.io/en/7.12.0 -->
	<!-- Based on https://raw.githubusercontent.com/cobertura/web/master/htdocs/xml/coverage-04.dtd -->
	<sources>
		<source>/home/tojo/projet-devsecops-flask/app</source>
	</sources>
	<packages>
		<package name="." line-rate="0.4134" branch-rate="0" complexity="0">
			<classes>
				<class name="__init__.py" filename="__init__.py" complexity="0" line-rate="0.8462" branch-rate="0">
					<methods/>
					<lines>
						<line number="1" hits="1"/>
						<line number="2" hits="1"/>
						<line number="3" hits="1"/>
						<line number="4" hits="1"/>
						<line number="6" hits="1"/>
						<line number="7" hits="1"/>
						<line number="8" hits="1"/>
						<line number="10" hits="1"/>
						<line number="11" hits="1"/>
						<line number="14" hits="1"/>
						<line number="17" hits="1"/>
						<line number="18" hits="1"/>
						<line number="21" hits="0"/>
						<line number="22" hits="0"/>
						<line number="23" hits="0"/>
						<line number="24" hits="0"/>
						<line number="27" hits="1"/>
						<line number="28" hits="1"/>
						<line number="30" hits="1"/>
						<line number="31" hits="1"/>
						<line number="32" hits="1"/>
						<line number="34" hits="1"/>
						<line number="35" hits="1"/>
						<line number="37" hits="1"/>
						<line number="38" hits="1"/>
						<line number="40" hits="1"/>
					</lines>
				</class>
				<class name="document_routes.py" filename="document_routes.py" complexity="0" line-rate="0" branch-rate="0">
					<methods/>
					<lines>
						<line number="1" hits="0"/>
						<line number="2" hits="0"/>
						<line number="3" hits="0"/>
						<line number="4" hits="0"/>
						<line number="6" hits="0"/>
						<line number="9" hits="0"/>
						<line number="10" hits="0"/>
						<line number="14" hits="0"/>
						<line number="15" hits="0"/>
						<line number="19" hits="0"/>
						<line number="20" hits="0"/>
						<line number="21" hits="0"/>
						<line number="22" hits="0"/>
						<line number="23" hits="0"/>
						<line number="27" hits="0"/>
						<line number="28" hits="0"/>
						<line number="29" hits="0"/>
						<line number="30" hits="0"/>
						<line number="31" hits="0"/>
						<line number="32" hits="0"/>
						<line number="33" hits="0"/>
						<line number="35" hits="0"/>
						<line number="36" hits="0"/>
						<line number="37" hits="0"/>
						<line number="38" hits="0"/>
						<line number="40" hits="0"/>
						<line number="41" hits="0"/>
						<line number="42" hits="0"/>
						<line number="43" hits="0"/>
						<line number="44" hits="0"/>
						<line number="46" hits="0"/>
						<line number="50" hits="0"/>
						<line number="51" hits="0"/>
						<line number="52" hits="0"/>
						<line number="53" hits="0"/>
						<line number="54" hits="0"/>
						<line number="55" hits="0"/>
						<line number="56" hits="0"/>
						<line number="58" hits="0"/>
						<line number="59" hits="0"/>
					</lines>
				</class>
				<class name="forms.py" filename="forms.py" complexity="0" line-rate="1" branch-rate="0">
					<methods/>
					<lines>
						<line number="1" hits="1"/>
						<line number="2" hits="1"/>
						<line number="3" hits="1"/>
						<line number="6" hits="1"/>
						<line number="7" hits="1"/>
						<line number="8" hits="1"/>
						<line number="9" hits="1"/>
						<line number="12" hits="1"/>
						<line number="13" hits="1"/>
						<line number="14" hits="1"/>
						<line number="15" hits="1"/>
					</lines>
				</class>
				<class name="models.py" filename="models.py" complexity="0" line-rate="0.9091" branch-rate="0">
					<methods/>
					<lines>
						<line number="1" hits="1"/>
						<line number="2" hits="1"/>
						<line number="3" hits="1"/>
						<line number="6" hits="1"/>
						<line number="7" hits="1"/>
						<line number="8" hits="1"/>
						<line number="9" hits="1"/>
						<line number="10" hits="1"/>
						<line number="13" hits="1"/>
						<line number="14" hits="1"/>
						<line number="15" hits="0"/>
					</lines>
				</class>
				<class name="routes.py" filename="routes.py" complexity="0" line-rate="0.4327" branch-rate="0">
					<methods/>
					<lines>
						<line number="1" hits="1"/>
						<line number="2" hits="1"/>
						<line number="3" hits="1"/>
						<line number="4" hits="1"/>
						<line number="5" hits="1"/>
						<line number="7" hits="1"/>
						<line number="8" hits="1"/>
						<line number="9" hits="1"/>
						<line number="12" hits="1"/>
						<line number="15" hits="1"/>
						<line number="25" hits="1"/>
						<line number="35" hits="1"/>
						<line number="36" hits="1"/>
						<line number="37" hits="1"/>
						<line number="38" hits="1"/>
						<line number="39" hits="0"/>
						<line number="45" hits="1"/>
						<line number="46" hits="1"/>
						<line number="47" hits="1"/>
						<line number="48" hits="0"/>
						<line number="49" hits="1"/>
						<line number="50" hits="1"/>
						<line number="51" hits="0"/>
						<line number="52" hits="0"/>
						<line number="53" hits="0"/>
						<line number="54" hits="0"/>
						<line number="56" hits="0"/>
						<line number="57" hits="1"/>
						<line number="60" hits="1"/>
						<line number="61" hits="1"/>
						<line number="62" hits="1"/>
						<line number="63" hits="0"/>
						<line number="64" hits="0"/>
						<line number="67" hits="1"/>
						<line number="68" hits="1"/>
						<line number="69" hits="0"/>
						<line number="70" hits="0"/>
						<line number="71" hits="0"/>
						<line number="72" hits="0"/>
						<line number="73" hits="0"/>
						<line number="74" hits="0"/>
						<line number="75" hits="0"/>
						<line number="76" hits="0"/>
						<line number="78" hits="0"/>
						<line number="79" hits="0"/>
						<line number="82" hits="1"/>
						<line number="83" hits="1"/>
						<line number="84" hits="1"/>
						<line number="85" hits="0"/>
						<line number="91" hits="1"/>
						<line number="92" hits="1"/>
						<line number="93" hits="1"/>
						<line number="94" hits="0"/>
						<line number="95" hits="0"/>
						<line number="101" hits="1"/>
						<line number="102" hits="1"/>
						<line number="103" hits="1"/>
						<line number="104" hits="0"/>
						<line number="107" hits="1"/>
						<line number="108" hits="1"/>
						<line number="109" hits="1"/>
						<line number="110" hits="0"/>
						<line number="111" hits="0"/>
						<line number="112" hits="0"/>
						<line number="115" hits="0"/>
						<line number="116" hits="0"/>
						<line number="118" hits="0"/>
						<line number="119" hits="0"/>
						<line number="121" hits="0"/>
						<line number="124" hits="1"/>
						<line number="125" hits="1"/>
						<line number="126" hits="1"/>
						<line number="127" hits="0"/>
						<line number="128" hits="0"/>
						<line number="129" hits="0"/>
						<line number="130" hits="0"/>
						<line number="132" hits="0"/>
						<line number="133" hits="0"/>
						<line number="134" hits="0"/>
						<line number="137" hits="0"/>
						<line number="138" hits="0"/>
						<line number="140" hits="0"/>
						<line number="141" hits="0"/>
						<line number="143" hits="0"/>
						<line number="146" hits="1"/>
						<line number="147" hits="1"/>
						<line number="148" hits="1"/>
						<line number="150" hits="0"/>
						<line number="151" hits="0"/>
						<line number="160" hits="1"/>
						<line number="161" hits="1"/>
						<line number="172" hits="1"/>
						<line number="173" hits="1"/>
						<line number="174" hits="1"/>
						<line number="175" hits="1"/>
						<line number="176" hits="1"/>
						<line number="177" hits="1"/>
						<line number="178" hits="1"/>
						<line number="179" hits="1"/>
						<line number="181" hits="1"/>
						<line number="182" hits="0"/>
						<line number="199" hits="1"/>
						<line number="253" hits="1"/>
						<line number="254" hits="1"/>
						<line number="255" hits="1"/>
						<line number="257" hits="0"/>
						<line number="258" hits="0"/>
						<line number="259" hits="0"/>
						<line number="264" hits="1"/>
						<line number="265" hits="1"/>
						<line number="266" hits="1"/>
						<line number="267" hits="0"/>
						<line number="268" hits="0"/>
						<line number="269" hits="0"/>
						<line number="270" hits="0"/>
						<line number="271" hits="0"/>
						<line number="272" hits="0"/>
						<line number="273" hits="0"/>
						<line number="276" hits="0"/>
						<line number="279" hits="0"/>
						<line number="291" hits="0"/>
						<line number="293" hits="0"/>
						<line number="294" hits="0"/>
						<line number="297" hits="1"/>
						<line number="298" hits="1"/>
						<line number="299" hits="1"/>
						<line number="301" hits="0"/>
						<line number="303" hits="0"/>
						<line number="304" hits="0"/>
						<line number="305" hits="0"/>
						<line number="307" hits="0"/>
						<line number="309" hits="0"/>
						<line number="310" hits="0"/>
						<line number="311" hits="0"/>
						<line number="312" hits="0"/>
						<line number="313" hits="0"/>
						<line number="314" hits="0"/>
						<line number="315" hits="0"/>
						<line number="317" hits="0"/>
						<line number="318" hits="0"/>
						<line number="321" hits="0"/>
						<line number="322" hits="0"/>
						<line number="325" hits="1"/>
						<line number="326" hits="1"/>
						<line number="327" hits="1"/>
						<line number="329" hits="0"/>
						<line number="330" hits="0"/>
						<line number="331" hits="0"/>
						<line number="334" hits="1"/>
						<line number="335" hits="1"/>
						<line number="336" hits="1"/>
						<line number="338" hits="0"/>
						<line number="340" hits="0"/>
						<line number="341" hits="0"/>
						<line number="342" hits="0"/>
						<line number="344" hits="0"/>
						<line number="347" hits="1"/>
						<line number="348" hits="1"/>
						<line number="349" hits="1"/>
						<line number="351" hits="0"/>
						<line number="352" hits="0"/>
						<line number="361" hits="1"/>
						<line number="362" hits="1"/>
						<line number="373" hits="1"/>
						<line number="374" hits="1"/>
						<line number="375" hits="1"/>
						<line number="376" hits="1"/>
						<line number="377" hits="1"/>
						<line number="378" hits="1"/>
						<line number="379" hits="1"/>
						<line number="380" hits="1"/>
						<line number="382" hits="1"/>
						<line number="383" hits="0"/>
						<line number="404" hits="1"/>
						<line number="438" hits="1"/>
						<line number="439" hits="1"/>
						<line number="440" hits="1"/>
						<line number="442" hits="0"/>
						<line number="443" hits="0"/>
						<line number="446" hits="1"/>
						<line number="447" hits="1"/>
						<line number="448" hits="1"/>
						<line number="449" hits="0"/>
						<line number="450" hits="0"/>
						<line number="451" hits="0"/>
						<line number="452" hits="0"/>
						<line number="453" hits="0"/>
						<line number="454" hits="0"/>
						<line number="455" hits="0"/>
						<line number="458" hits="0"/>
						<line number="461" hits="0"/>
						<line number="473" hits="0"/>
						<line number="475" hits="0"/>
						<line number="476" hits="0"/>
						<line number="479" hits="1"/>
						<line number="480" hits="1"/>
						<line number="481" hits="1"/>
						<line number="483" hits="0"/>
						<line number="485" hits="0"/>
						<line number="486" hits="0"/>
						<line number="487" hits="0"/>
						<line number="489" hits="0"/>
						<line number="491" hits="0"/>
						<line number="492" hits="0"/>
						<line number="495" hits="0"/>
						<line number="497" hits="0"/>
						<line number="498" hits="0"/>
						<line number="500" hits="0"/>
						<line number="501" hits="0"/>
						<line number="502" hits="0"/>
						<line number="504" hits="0"/>
						<line number="505" hits="0"/>
						<line number="508" hits="0"/>
						<line number="509" hits="0"/>
						<line number="512" hits="1"/>
						<line number="513" hits="1"/>
						<line number="514" hits="1"/>
						<line number="516" hits="0"/>
						<line number="517" hits="0"/>
						<line number="518" hits="0"/>
						<line number="521" hits="1"/>
						<line number="522" hits="1"/>
						<line number="523" hits="1"/>
						<line number="525" hits="0"/>
						<line number="526" hits="0"/>
						<line number="529" hits="1"/>
						<line number="530" hits="1"/>
						<line number="531" hits="1"/>
						<line number="533" hits="0"/>
						<line number="535" hits="0"/>
						<line number="536" hits="0"/>
						<line number="538" hits="0"/>
						<line number="547" hits="1"/>
						<line number="548" hits="1"/>
						<line number="558" hits="1"/>
						<line number="559" hits="1"/>
						<line number="560" hits="1"/>
						<line number="561" hits="1"/>
						<line number="562" hits="1"/>
						<line number="563" hits="1"/>
						<line number="564" hits="1"/>
						<line number="566" hits="1"/>
						<line number="567" hits="0"/>
						<line number="583" hits="1"/>
						<line number="614" hits="1"/>
						<line number="615" hits="1"/>
						<line number="616" hits="1"/>
						<line number="618" hits="0"/>
						<line number="619" hits="0"/>
						<line number="622" hits="1"/>
						<line number="623" hits="1"/>
						<line number="624" hits="1"/>
						<line number="625" hits="0"/>
						<line number="627" hits="0"/>
						<line number="628" hits="0"/>
						<line number="630" hits="0"/>
						<line number="632" hits="0"/>
						<line number="635" hits="0"/>
						<line number="638" hits="0"/>
						<line number="641" hits="0"/>
						<line number="644" hits="0"/>
						<line number="656" hits="0"/>
						<line number="658" hits="0"/>
						<line number="661" hits="1"/>
						<line number="662" hits="1"/>
						<line number="663" hits="1"/>
						<line number="665" hits="0"/>
						<line number="667" hits="0"/>
						<line number="668" hits="0"/>
						<line number="670" hits="0"/>
						<line number="671" hits="0"/>
						<line number="673" hits="0"/>
						<line number="675" hits="0"/>
						<line number="677" hits="0"/>
						<line number="678" hits="0"/>
						<line number="679" hits="0"/>
						<line number="680" hits="0"/>
						<line number="681" hits="0"/>
						<line number="682" hits="0"/>
						<line number="683" hits="0"/>
						<line number="684" hits="0"/>
						<line number="685" hits="0"/>
						<line number="686" hits="0"/>
						<line number="687" hits="0"/>
						<line number="688" hits="0"/>
						<line number="690" hits="0"/>
						<line number="692" hits="0"/>
						<line number="694" hits="0"/>
						<line number="695" hits="0"/>
						<line number="698" hits="1"/>
						<line number="699" hits="1"/>
						<line number="700" hits="1"/>
						<line number="702" hits="0"/>
						<line number="703" hits="0"/>
						<line number="711" hits="1"/>
						<line number="736" hits="1"/>
						<line number="737" hits="1"/>
						<line number="738" hits="1"/>
						<line number="739" hits="0"/>
						<line number="748" hits="1"/>
						<line number="752" hits="1"/>
						<line number="753" hits="1"/>
						<line number="755" hits="0"/>
						<line number="761" hits="0"/>
						<line number="767" hits="1"/>
						<line number="778" hits="1"/>
						<line number="779" hits="1"/>
						<line number="780" hits="1"/>
						<line number="782" hits="0"/>
						<line number="788" hits="1"/>
						<line number="789" hits="1"/>
						<line number="790" hits="1"/>
						<line number="792" hits="0"/>
						<line number="794" hits="0"/>
						<line number="795" hits="0"/>
						<line number="797" hits="0"/>
						<line number="798" hits="0"/>
						<line number="799" hits="0"/>
						<line number="800" hits="0"/>
						<line number="801" hits="0"/>
						<line number="803" hits="0"/>
						<line number="811" hits="1"/>
						<line number="839" hits="1"/>
						<line number="840" hits="1"/>
						<line number="841" hits="1"/>
						<line number="842" hits="0"/>
						<line number="845" hits="0"/>
						<line number="846" hits="0"/>
						<line number="848" hits="0"/>
						<line number="851" hits="0"/>
						<line number="852" hits="0"/>
						<line number="853" hits="0"/>
						<line number="854" hits="0"/>
						<line number="855" hits="0"/>
						<line number="856" hits="0"/>
						<line number="858" hits="0"/>
						<line number="860" hits="0"/>
						<line number="873" hits="1"/>
						<line number="874" hits="1"/>
						<line number="875" hits="1"/>
						<line number="877" hits="0"/>
						<line number="895" hits="0"/>
					</lines>
				</class>
				<class name="user.py" filename="user.py" complexity="0" line-rate="0" branch-rate="0">
					<methods/>
					<lines>
						<line number="1" hits="0"/>
						<line number="2" hits="0"/>
						<line number="3" hits="0"/>
						<line number="4" hits="0"/>
						<line number="7" hits="0"/>
						<line number="8" hits="0"/>
						<line number="10" hits="0"/>
						<line number="11" hits="0"/>
						<line number="12" hits="0"/>
						<line number="13" hits="0"/>
						<line number="14" hits="0"/>
						<line number="15" hits="0"/>
						<line number="16" hits="0"/>
						<line number="17" hits="0"/>
						<line number="18" hits="0"/>
						<line number="19" hits="0"/>
						<line number="20" hits="0"/>
						<line number="21" hits="0"/>
						<line number="22" hits="0"/>
						<line number="24" hits="0"/>
						<line number="25" hits="0"/>
						<line number="27" hits="0"/>
						<line number="28" hits="0"/>
						<line number="30" hits="0"/>
						<line number="31" hits="0"/>
						<line number="33" hits="0"/>
						<line number="34" hits="0"/>
						<line number="35" hits="0"/>
						<line number="37" hits="0"/>
						<line number="38" hits="0"/>
						<line number="52" hits="0"/>
						<line number="53" hits="0"/>
					</lines>
				</class>
			</classes>
		</package>
	</packages>
</coverage>
